#-----------------------------------------------------------
# Vivado v2022.2 (64-bit)
# SW Build 3671981 on Fri Oct 14 04:59:54 MDT 2022
# IP Build 3669848 on Fri Oct 14 08:30:02 MDT 2022
# Start of session at: Thu Nov 23 04:00:21 2023
# Process ID: 3443020
# Current directory: /media/jj/c7e9cf6d-46d9-4f75-99cd-cb2a65efa36a/work/wsj_vxon_01/VXONE_V01
# Command line: vivado
# Log file: /media/jj/c7e9cf6d-46d9-4f75-99cd-cb2a65efa36a/work/wsj_vxon_01/VXONE_V01/vivado.log
# Journal file: /media/jj/c7e9cf6d-46d9-4f75-99cd-cb2a65efa36a/work/wsj_vxon_01/VXONE_V01/vivado.jou
# Running On: jj-system-product-name, OS: Linux, CPU Frequency: 4861.882 MHz, CPU Physical cores: 24, Host memory: 66675 MB
#-----------------------------------------------------------
start_gui
Sourcing tcl script '/home/jj/.Xilinx/Vivado/Vivado_init.tcl'
WARNING: [Board 49-26] cannot add Board Part xilinx.com:vck190:part0:2.2 available at /home/jj/data/Users/jj/AppData/Local/Packages/CanonicalGroupLimited.Ubuntu18.04LTS_79rhkp1fndgsc/LocalState/rootfs/home/jj/tools/Xilinx/Vivado/2022.2/data/xhub/boards/XilinxBoardStore/boards/Xilinx/vck190/production/2.2/board.xml as part xcvc1902-vsva2197-2mp-e-s specified in board_part file is either invalid or not available
WARNING: [Board 49-26] cannot add Board Part xilinx.com:vck190:part0:3.0 available at /home/jj/data/Users/jj/AppData/Local/Packages/CanonicalGroupLimited.Ubuntu18.04LTS_79rhkp1fndgsc/LocalState/rootfs/home/jj/tools/Xilinx/Vivado/2022.2/data/xhub/boards/XilinxBoardStore/boards/Xilinx/vck190/production/3.0/board.xml as part xcvc1902-vsva2197-2mp-e-s specified in board_part file is either invalid or not available
WARNING: [Board 49-26] cannot add Board Part xilinx.com:vck190:part0:3.1 available at /home/jj/data/Users/jj/AppData/Local/Packages/CanonicalGroupLimited.Ubuntu18.04LTS_79rhkp1fndgsc/LocalState/rootfs/home/jj/tools/Xilinx/Vivado/2022.2/data/xhub/boards/XilinxBoardStore/boards/Xilinx/vck190/production/3.1/board.xml as part xcvc1902-vsva2197-2mp-e-s specified in board_part file is either invalid or not available
WARNING: [Board 49-26] cannot add Board Part xilinx.com:vck190_newl:part0:1.0 available at /home/jj/data/Users/jj/AppData/Local/Packages/CanonicalGroupLimited.Ubuntu18.04LTS_79rhkp1fndgsc/LocalState/rootfs/home/jj/tools/Xilinx/Vivado/2022.2/data/xhub/boards/XilinxBoardStore/boards/Xilinx/vck190_newl/production/1.0/board.xml as part xcvc1902-vsva2197-2mp-e-s specified in board_part file is either invalid or not available
WARNING: [Board 49-26] cannot add Board Part xilinx.com:vek280_es:part0:1.0 available at /home/jj/data/Users/jj/AppData/Local/Packages/CanonicalGroupLimited.Ubuntu18.04LTS_79rhkp1fndgsc/LocalState/rootfs/home/jj/tools/Xilinx/Vivado/2022.2/data/xhub/boards/XilinxBoardStore/boards/Xilinx/vek280/es/1.0/board.xml as part xcve2802-vsvh1760-2lp-e-s-es1 specified in board_part file is either invalid or not available
WARNING: [Board 49-26] cannot add Board Part xilinx.com:vhk158_es:part0:1.0 available at /home/jj/data/Users/jj/AppData/Local/Packages/CanonicalGroupLimited.Ubuntu18.04LTS_79rhkp1fndgsc/LocalState/rootfs/home/jj/tools/Xilinx/Vivado/2022.2/data/xhub/boards/XilinxBoardStore/boards/Xilinx/vhk158/es/1.0/board.xml as part xcvh1582-vsva3697-2mp-e-s-es1 specified in board_part file is either invalid or not available
WARNING: [Board 49-26] cannot add Board Part xilinx.com:vmk180:part0:2.2 available at /home/jj/data/Users/jj/AppData/Local/Packages/CanonicalGroupLimited.Ubuntu18.04LTS_79rhkp1fndgsc/LocalState/rootfs/home/jj/tools/Xilinx/Vivado/2022.2/data/xhub/boards/XilinxBoardStore/boards/Xilinx/vmk180/production/2.2/board.xml as part xcvm1802-vsva2197-2mp-e-s specified in board_part file is either invalid or not available
WARNING: [Board 49-26] cannot add Board Part xilinx.com:vmk180:part0:3.0 available at /home/jj/data/Users/jj/AppData/Local/Packages/CanonicalGroupLimited.Ubuntu18.04LTS_79rhkp1fndgsc/LocalState/rootfs/home/jj/tools/Xilinx/Vivado/2022.2/data/xhub/boards/XilinxBoardStore/boards/Xilinx/vmk180/production/3.0/board.xml as part xcvm1802-vsva2197-2mp-e-s specified in board_part file is either invalid or not available
WARNING: [Board 49-26] cannot add Board Part xilinx.com:vmk180:part0:3.1 available at /home/jj/data/Users/jj/AppData/Local/Packages/CanonicalGroupLimited.Ubuntu18.04LTS_79rhkp1fndgsc/LocalState/rootfs/home/jj/tools/Xilinx/Vivado/2022.2/data/xhub/boards/XilinxBoardStore/boards/Xilinx/vmk180/production/3.1/board.xml as part xcvm1802-vsva2197-2mp-e-s specified in board_part file is either invalid or not available
WARNING: [Board 49-26] cannot add Board Part xilinx.com:vmk180_newl:part0:1.0 available at /home/jj/data/Users/jj/AppData/Local/Packages/CanonicalGroupLimited.Ubuntu18.04LTS_79rhkp1fndgsc/LocalState/rootfs/home/jj/tools/Xilinx/Vivado/2022.2/data/xhub/boards/XilinxBoardStore/boards/Xilinx/vmk180_newl/production/1.0/board.xml as part xcvm1802-vsva2197-2mp-e-s specified in board_part file is either invalid or not available
WARNING: [Board 49-26] cannot add Board Part xilinx.com:vpk120:part0:1.0 available at /home/jj/data/Users/jj/AppData/Local/Packages/CanonicalGroupLimited.Ubuntu18.04LTS_79rhkp1fndgsc/LocalState/rootfs/home/jj/tools/Xilinx/Vivado/2022.2/data/xhub/boards/XilinxBoardStore/boards/Xilinx/vpk120/production/1.0/board.xml as part xcvp1202-vsva2785-2mp-e-s specified in board_part file is either invalid or not available
WARNING: [Board 49-26] cannot add Board Part xilinx.com:vpk120_es:part0:1.2 available at /home/jj/data/Users/jj/AppData/Local/Packages/CanonicalGroupLimited.Ubuntu18.04LTS_79rhkp1fndgsc/LocalState/rootfs/home/jj/tools/Xilinx/Vivado/2022.2/data/xhub/boards/XilinxBoardStore/boards/Xilinx/vpk120/es/1.2/board.xml as part xcvp1202-vsva2785-2mp-e-s-es1 specified in board_part file is either invalid or not available
WARNING: [Board 49-26] cannot add Board Part xilinx.com:vpk120_es_revb:part0:1.0 available at /home/jj/data/Users/jj/AppData/Local/Packages/CanonicalGroupLimited.Ubuntu18.04LTS_79rhkp1fndgsc/LocalState/rootfs/home/jj/tools/Xilinx/Vivado/2022.2/data/xhub/boards/XilinxBoardStore/boards/Xilinx/vpk120_revb/es/1.0/board.xml as part xcvp1202-vsva2785-2mp-e-s-es1 specified in board_part file is either invalid or not available
WARNING: [Board 49-26] cannot add Board Part xilinx.com:vpk180_es:part0:1.0 available at /home/jj/data/Users/jj/AppData/Local/Packages/CanonicalGroupLimited.Ubuntu18.04LTS_79rhkp1fndgsc/LocalState/rootfs/home/jj/tools/Xilinx/Vivado/2022.2/data/xhub/boards/XilinxBoardStore/boards/Xilinx/vpk180/es/1.0/board.xml as part xcvp1802-lsvc4072-2mp-e-s-es1 specified in board_part file is either invalid or not available
WARNING: [Board 49-26] cannot add Board Part xilinx.com:zcu208ld:part0:2.0 available at /home/jj/data/Users/jj/AppData/Local/Packages/CanonicalGroupLimited.Ubuntu18.04LTS_79rhkp1fndgsc/LocalState/rootfs/home/jj/tools/Xilinx/Vivado/2022.2/data/xhub/boards/XilinxBoardStore/boards/Xilinx/zcu208ld/production/2.0/board.xml as part xczu58dr-fsvg1517-2-i specified in board_part file is either invalid or not available
WARNING: [Board 49-26] cannot add Board Part xilinx.com:zcu216ld:part0:2.0 available at /home/jj/data/Users/jj/AppData/Local/Packages/CanonicalGroupLimited.Ubuntu18.04LTS_79rhkp1fndgsc/LocalState/rootfs/home/jj/tools/Xilinx/Vivado/2022.2/data/xhub/boards/XilinxBoardStore/boards/Xilinx/zcu216ld/production/2.0/board.xml as part xczu59dr-ffvf1760-2-i specified in board_part file is either invalid or not available
WARNING: [Board 49-26] cannot add Board Part xilinx.com:zcu670:part0:2.0 available at /home/jj/data/Users/jj/AppData/Local/Packages/CanonicalGroupLimited.Ubuntu18.04LTS_79rhkp1fndgsc/LocalState/rootfs/home/jj/tools/Xilinx/Vivado/2022.2/data/xhub/boards/XilinxBoardStore/boards/Xilinx/zcu670/2.0/board.xml as part xczu67dr-fsve1156-2-i specified in board_part file is either invalid or not available
WARNING: [Board 49-26] cannot add Board Part xilinx.com:zcu670ld:part0:1.0 available at /home/jj/data/Users/jj/AppData/Local/Packages/CanonicalGroupLimited.Ubuntu18.04LTS_79rhkp1fndgsc/LocalState/rootfs/home/jj/tools/Xilinx/Vivado/2022.2/data/xhub/boards/XilinxBoardStore/boards/Xilinx/zcu670ld/1.0/board.xml as part xczu57dr-fsve1156-2-i specified in board_part file is either invalid or not available
open_project /media/jj/c7e9cf6d-46d9-4f75-99cd-cb2a65efa36a/work/wsj_vxon_01/VXONE_V01/VXONE_V01.xpr
INFO: [Project 1-313] Project file moved from '/mnt/d/mob/WorkBackUp/vxone/FPGA/VXONE_V01/.Xil/Vivado-27962-mob-System-Product-Name/PrjAr/_X_' since last save.
WARNING: [filemgmt 56-3] IP Repository Path: Could not find the directory '/ip_repo'.
Scanning sources...
Finished scanning sources
INFO: [Project 1-1877] Auto incremental dir location '/VXONE_V01.srcs/utils_1/imports/synth_1' of run 'synth_1' is not writable, setting it to default location '/media/jj/c7e9cf6d-46d9-4f75-99cd-cb2a65efa36a/work/wsj_vxon_01/VXONE_V01/VXONE_V01.srcs/utils_1/imports/synth_1'.
INFO: [Project 1-1877] Auto incremental dir location '/media/jj/VXONE_V01.srcs/utils_1/imports/synth_1' of run 'synth_1' is not writable, setting it to default location '/media/jj/c7e9cf6d-46d9-4f75-99cd-cb2a65efa36a/work/wsj_vxon_01/VXONE_V01/VXONE_V01.srcs/utils_1/imports/synth_1'.
INFO: [Project 1-1877] Auto incremental dir location '/media/jj/VXONE_V01.srcs/utils_1/imports/impl_1' of run 'impl_1' is not writable, setting it to default location '/media/jj/c7e9cf6d-46d9-4f75-99cd-cb2a65efa36a/work/wsj_vxon_01/VXONE_V01/VXONE_V01.srcs/utils_1/imports/impl_1'.
INFO: [Project 1-1877] Auto incremental dir location '/media/jj/VXONE_V01.srcs/utils_1/imports/impl_1' of run 'impl_1' is not writable, setting it to default location '/media/jj/c7e9cf6d-46d9-4f75-99cd-cb2a65efa36a/work/wsj_vxon_01/VXONE_V01/VXONE_V01.srcs/utils_1/imports/impl_1'.
INFO: [IP_Flow 19-234] Refreshing IP repositories
WARNING: [IP_Flow 19-2248] Failed to load user IP repository '/ip_repo'; Can't find the specified path.
If this directory should no longer be in your list of user repositories, go to the IP Settings dialog and remove it.
INFO: [IP_Flow 19-2313] Loaded Vivado IP repository '/tools/Xilinx/Vivado/2022.2/data/ip'.
update_compile_order -fileset sources_1
launch_runs impl_1 -to_step write_bitstream -jobs 8
INFO: [IP_Flow 19-1686] Generating 'Synthesis' target for IP 'vx1_vid_ila'...
WARNING: [IP_Flow 19-4994] Overwriting existing constraint file '/media/jj/c7e9cf6d-46d9-4f75-99cd-cb2a65efa36a/work/wsj_vxon_01/VXONE_V01/VXONE_V01.srcs/sources_1/ip/vx1_vid_ila/vx1_vid_ila_ooc.xdc'
INFO: [IP_Flow 19-1686] Generating 'Implementation' target for IP 'vx1_vid_ila'...
INFO: [IP_Flow 19-6924] IPCACHE: Running cache check for IP inst: vx1_vid_ila
INFO: [IP_Flow 19-1686] Generating 'Synthesis' target for IP 'rx_fifo'...
INFO: [IP_Flow 19-6924] IPCACHE: Running cache check for IP inst: rx_fifo
INFO: [IP_Flow 19-1686] Generating 'Synthesis' target for IP 'vx1_phy'...
INFO: [Device 21-403] Loading part xcku11p-ffve1517-1-i
INFO: [IP_Flow 19-6924] IPCACHE: Running cache check for IP inst: vx1_phy
INFO: [IP_Flow 19-1686] Generating 'Synthesis' target for IP 'vx1_vio_0'...
INFO: [IP_Flow 19-6924] IPCACHE: Running cache check for IP inst: vx1_vio_0
INFO: [BD 41-1662] The design 'CPU_block.bd' is already validated. Therefore parameter propagation will not be re-run.
WARNING: [filemgmt 56-443] The ECC Algorithm string is empty. Setting the Memory Map to default ECC value to ECC_NONE.
WARNING: [filemgmt 56-443] The ECC Algorithm string is empty. Setting the Memory Map to default ECC value to ECC_NONE.
Verilog Output written to : /media/jj/c7e9cf6d-46d9-4f75-99cd-cb2a65efa36a/work/wsj_vxon_01/VXONE_V01/VXONE_V01.gen/sources_1/bd/CPU_block/synth/CPU_block.v
Verilog Output written to : /media/jj/c7e9cf6d-46d9-4f75-99cd-cb2a65efa36a/work/wsj_vxon_01/VXONE_V01/VXONE_V01.gen/sources_1/bd/CPU_block/sim/CPU_block.v
Verilog Output written to : /media/jj/c7e9cf6d-46d9-4f75-99cd-cb2a65efa36a/work/wsj_vxon_01/VXONE_V01/VXONE_V01.gen/sources_1/bd/CPU_block/hdl/CPU_block_wrapper.v
INFO: [BD 41-1029] Generation completed for the IP Integrator block microblaze_0_local_memory/dlmb_v10 .
INFO: [BD 41-1029] Generation completed for the IP Integrator block microblaze_0_local_memory/ilmb_v10 .
INFO: [BD 41-1029] Generation completed for the IP Integrator block microblaze_0_local_memory/dlmb_bram_if_cntlr .
INFO: [BD 41-1029] Generation completed for the IP Integrator block microblaze_0_local_memory/ilmb_bram_if_cntlr .
INFO: [BD 41-1029] Generation completed for the IP Integrator block microblaze_0_local_memory/lmb_bram .
INFO: [BD 41-1029] Generation completed for the IP Integrator block mdm_1 .
INFO: [BD 41-1029] Generation completed for the IP Integrator block clk_wiz_1 .
INFO: [BD 41-1029] Generation completed for the IP Integrator block rst_clk_wiz_1_100M .
INFO: [BD 41-1029] Generation completed for the IP Integrator block axi_interconnect_0/xbar .
INFO: [BD 41-1029] Generation completed for the IP Integrator block axi_intc_0 .
INFO: [BD 41-1029] Generation completed for the IP Integrator block axi_amm_bridge_0 .
INFO: [BD 41-1029] Generation completed for the IP Integrator block xlconcat_0 .
INFO: [BD 41-1029] Generation completed for the IP Integrator block clk_wiz_0 .
INFO: [BD 41-1029] Generation completed for the IP Integrator block microblaze_0 .
WARNING: [IP_Flow 19-4994] Overwriting existing constraint file '/media/jj/c7e9cf6d-46d9-4f75-99cd-cb2a65efa36a/work/wsj_vxon_01/VXONE_V01/VXONE_V01.gen/sources_1/bd/CPU_block/ip/CPU_block_axi_uartlite_0_0/CPU_block_axi_uartlite_0_0_ooc.xdc'
INFO: [BD 41-1029] Generation completed for the IP Integrator block axi_uartlite_0 .
Exporting to file /media/jj/c7e9cf6d-46d9-4f75-99cd-cb2a65efa36a/work/wsj_vxon_01/VXONE_V01/VXONE_V01.gen/sources_1/bd/CPU_block/hw_handoff/CPU_block.hwh
Generated Hardware Definition File /media/jj/c7e9cf6d-46d9-4f75-99cd-cb2a65efa36a/work/wsj_vxon_01/VXONE_V01/VXONE_V01.gen/sources_1/bd/CPU_block/synth/CPU_block.hwdef
INFO: [IP_Flow 19-6930] IPCACHE: runCacheChecks() number of threads = 8
INFO: [IP_Flow 19-6921] IPCACHE: Adding cache check func to thread queue for IP CPU_block_axi_amm_bridge_0_0
INFO: [IP_Flow 19-6921] IPCACHE: Adding cache check func to thread queue for IP CPU_block_axi_intc_0_0
INFO: [IP_Flow 19-6921] IPCACHE: Adding cache check func to thread queue for IP CPU_block_axi_uartlite_0_0
INFO: [IP_Flow 19-6921] IPCACHE: Adding cache check func to thread queue for IP CPU_block_clk_wiz_0_0
INFO: [IP_Flow 19-6921] IPCACHE: Adding cache check func to thread queue for IP CPU_block_clk_wiz_1_1
INFO: [IP_Flow 19-6921] IPCACHE: Adding cache check func to thread queue for IP CPU_block_dlmb_bram_if_cntlr_1
INFO: [IP_Flow 19-6921] IPCACHE: Adding cache check func to thread queue for IP CPU_block_dlmb_v10_1
INFO: [IP_Flow 19-6921] IPCACHE: Adding cache check func to thread queue for IP CPU_block_ilmb_bram_if_cntlr_1
INFO: [IP_Flow 19-6921] IPCACHE: Adding cache check func to thread queue for IP CPU_block_ilmb_v10_1
INFO: [IP_Flow 19-6921] IPCACHE: Adding cache check func to thread queue for IP CPU_block_lmb_bram_1
INFO: [IP_Flow 19-6921] IPCACHE: Adding cache check func to thread queue for IP CPU_block_mdm_1_1
INFO: [IP_Flow 19-6921] IPCACHE: Adding cache check func to thread queue for IP CPU_block_microblaze_0_2
INFO: [IP_Flow 19-6921] IPCACHE: Adding cache check func to thread queue for IP CPU_block_rst_clk_wiz_1_100M_0
INFO: [IP_Flow 19-6921] IPCACHE: Adding cache check func to thread queue for IP CPU_block_xbar_0
INFO: [IP_Flow 19-8020] IPCACHE: runCacheChecks() calling threadPool finishWork()
INFO: [IP_Flow 19-6924] IPCACHE: Running cache check for IP inst: CPU_block_axi_amm_bridge_0_0
INFO: [IP_Flow 19-6924] IPCACHE: Running cache check for IP inst: CPU_block_ilmb_bram_if_cntlr_1
INFO: [IP_Flow 19-6924] IPCACHE: Running cache check for IP inst: CPU_block_xbar_0
INFO: [IP_Flow 19-6924] IPCACHE: Running cache check for IP inst: CPU_block_axi_intc_0_0
INFO: [IP_Flow 19-6924] IPCACHE: Running cache check for IP inst: CPU_block_lmb_bram_1
INFO: [IP_Flow 19-6924] IPCACHE: Running cache check for IP inst: CPU_block_axi_uartlite_0_0
INFO: [IP_Flow 19-6924] IPCACHE: Running cache check for IP inst: CPU_block_mdm_1_1
INFO: [IP_Flow 19-6924] IPCACHE: Running cache check for IP inst: CPU_block_clk_wiz_0_0
INFO: [IP_Flow 19-6924] IPCACHE: Running cache check for IP inst: CPU_block_clk_wiz_1_1
INFO: [IP_Flow 19-6924] IPCACHE: Running cache check for IP inst: CPU_block_dlmb_bram_if_cntlr_1
INFO: [IP_Flow 19-6924] IPCACHE: Running cache check for IP inst: CPU_block_dlmb_v10_1
INFO: [IP_Flow 19-6924] IPCACHE: Running cache check for IP inst: CPU_block_rst_clk_wiz_1_100M_0
INFO: [IP_Flow 19-6924] IPCACHE: Running cache check for IP inst: CPU_block_ilmb_v10_1
INFO: [IP_Flow 19-6924] IPCACHE: Running cache check for IP inst: CPU_block_microblaze_0_2
[Thu Nov 23 04:29:28 2023] Launched CPU_block_ilmb_v10_1_synth_1, CPU_block_dlmb_v10_1_synth_1, vx1_vio_0_synth_1, vx1_phy_synth_1, rx_fifo_synth_1, CPU_block_dlmb_bram_if_cntlr_1_synth_1, CPU_block_ilmb_bram_if_cntlr_1_synth_1, CPU_block_lmb_bram_1_synth_1, CPU_block_mdm_1_1_synth_1, CPU_block_clk_wiz_1_1_synth_1, CPU_block_axi_uartlite_0_0_synth_1, vx1_vid_ila_synth_1, CPU_block_rst_clk_wiz_1_100M_0_synth_1, CPU_block_xbar_0_synth_1, CPU_block_clk_wiz_0_0_synth_1, CPU_block_microblaze_0_2_synth_1, CPU_block_axi_intc_0_0_synth_1, CPU_block_axi_amm_bridge_0_0_synth_1, synth_1...
Run output will be captured here:
CPU_block_ilmb_v10_1_synth_1: /media/jj/c7e9cf6d-46d9-4f75-99cd-cb2a65efa36a/work/wsj_vxon_01/VXONE_V01/VXONE_V01.runs/CPU_block_ilmb_v10_1_synth_1/runme.log
CPU_block_dlmb_v10_1_synth_1: /media/jj/c7e9cf6d-46d9-4f75-99cd-cb2a65efa36a/work/wsj_vxon_01/VXONE_V01/VXONE_V01.runs/CPU_block_dlmb_v10_1_synth_1/runme.log
vx1_vio_0_synth_1: /media/jj/c7e9cf6d-46d9-4f75-99cd-cb2a65efa36a/work/wsj_vxon_01/VXONE_V01/VXONE_V01.runs/vx1_vio_0_synth_1/runme.log
vx1_phy_synth_1: /media/jj/c7e9cf6d-46d9-4f75-99cd-cb2a65efa36a/work/wsj_vxon_01/VXONE_V01/VXONE_V01.runs/vx1_phy_synth_1/runme.log
rx_fifo_synth_1: /media/jj/c7e9cf6d-46d9-4f75-99cd-cb2a65efa36a/work/wsj_vxon_01/VXONE_V01/VXONE_V01.runs/rx_fifo_synth_1/runme.log
CPU_block_dlmb_bram_if_cntlr_1_synth_1: /media/jj/c7e9cf6d-46d9-4f75-99cd-cb2a65efa36a/work/wsj_vxon_01/VXONE_V01/VXONE_V01.runs/CPU_block_dlmb_bram_if_cntlr_1_synth_1/runme.log
CPU_block_ilmb_bram_if_cntlr_1_synth_1: /media/jj/c7e9cf6d-46d9-4f75-99cd-cb2a65efa36a/work/wsj_vxon_01/VXONE_V01/VXONE_V01.runs/CPU_block_ilmb_bram_if_cntlr_1_synth_1/runme.log
CPU_block_lmb_bram_1_synth_1: /media/jj/c7e9cf6d-46d9-4f75-99cd-cb2a65efa36a/work/wsj_vxon_01/VXONE_V01/VXONE_V01.runs/CPU_block_lmb_bram_1_synth_1/runme.log
CPU_block_mdm_1_1_synth_1: /media/jj/c7e9cf6d-46d9-4f75-99cd-cb2a65efa36a/work/wsj_vxon_01/VXONE_V01/VXONE_V01.runs/CPU_block_mdm_1_1_synth_1/runme.log
CPU_block_clk_wiz_1_1_synth_1: /media/jj/c7e9cf6d-46d9-4f75-99cd-cb2a65efa36a/work/wsj_vxon_01/VXONE_V01/VXONE_V01.runs/CPU_block_clk_wiz_1_1_synth_1/runme.log
CPU_block_axi_uartlite_0_0_synth_1: /media/jj/c7e9cf6d-46d9-4f75-99cd-cb2a65efa36a/work/wsj_vxon_01/VXONE_V01/VXONE_V01.runs/CPU_block_axi_uartlite_0_0_synth_1/runme.log
vx1_vid_ila_synth_1: /media/jj/c7e9cf6d-46d9-4f75-99cd-cb2a65efa36a/work/wsj_vxon_01/VXONE_V01/VXONE_V01.runs/vx1_vid_ila_synth_1/runme.log
CPU_block_rst_clk_wiz_1_100M_0_synth_1: /media/jj/c7e9cf6d-46d9-4f75-99cd-cb2a65efa36a/work/wsj_vxon_01/VXONE_V01/VXONE_V01.runs/CPU_block_rst_clk_wiz_1_100M_0_synth_1/runme.log
CPU_block_xbar_0_synth_1: /media/jj/c7e9cf6d-46d9-4f75-99cd-cb2a65efa36a/work/wsj_vxon_01/VXONE_V01/VXONE_V01.runs/CPU_block_xbar_0_synth_1/runme.log
CPU_block_clk_wiz_0_0_synth_1: /media/jj/c7e9cf6d-46d9-4f75-99cd-cb2a65efa36a/work/wsj_vxon_01/VXONE_V01/VXONE_V01.runs/CPU_block_clk_wiz_0_0_synth_1/runme.log
CPU_block_microblaze_0_2_synth_1: /media/jj/c7e9cf6d-46d9-4f75-99cd-cb2a65efa36a/work/wsj_vxon_01/VXONE_V01/VXONE_V01.runs/CPU_block_microblaze_0_2_synth_1/runme.log
CPU_block_axi_intc_0_0_synth_1: /media/jj/c7e9cf6d-46d9-4f75-99cd-cb2a65efa36a/work/wsj_vxon_01/VXONE_V01/VXONE_V01.runs/CPU_block_axi_intc_0_0_synth_1/runme.log
CPU_block_axi_amm_bridge_0_0_synth_1: /media/jj/c7e9cf6d-46d9-4f75-99cd-cb2a65efa36a/work/wsj_vxon_01/VXONE_V01/VXONE_V01.runs/CPU_block_axi_amm_bridge_0_0_synth_1/runme.log
synth_1: /media/jj/c7e9cf6d-46d9-4f75-99cd-cb2a65efa36a/work/wsj_vxon_01/VXONE_V01/VXONE_V01.runs/synth_1/runme.log
[Thu Nov 23 04:29:29 2023] Launched impl_1...
Run output will be captured here: /media/jj/c7e9cf6d-46d9-4f75-99cd-cb2a65efa36a/work/wsj_vxon_01/VXONE_V01/VXONE_V01.runs/impl_1/runme.log
launch_runs: Time (s): cpu = 00:00:18 ; elapsed = 00:00:14 . Memory (MB): peak = 8101.109 ; gain = 1223.578 ; free physical = 46273 ; free virtual = 59265
reset_run synth_1
launch_runs impl_1 -to_step write_bitstream -jobs 8
[Thu Nov 23 04:33:36 2023] Launched synth_1...
Run output will be captured here: /media/jj/c7e9cf6d-46d9-4f75-99cd-cb2a65efa36a/work/wsj_vxon_01/VXONE_V01/VXONE_V01.runs/synth_1/runme.log
[Thu Nov 23 04:33:36 2023] Launched impl_1...
Run output will be captured here: /media/jj/c7e9cf6d-46d9-4f75-99cd-cb2a65efa36a/work/wsj_vxon_01/VXONE_V01/VXONE_V01.runs/impl_1/runme.log
reset_run synth_1
launch_runs impl_1 -to_step write_bitstream -jobs 8
[Thu Nov 23 04:45:52 2023] Launched synth_1...
Run output will be captured here: /media/jj/c7e9cf6d-46d9-4f75-99cd-cb2a65efa36a/work/wsj_vxon_01/VXONE_V01/VXONE_V01.runs/synth_1/runme.log
[Thu Nov 23 04:45:53 2023] Launched impl_1...
Run output will be captured here: /media/jj/c7e9cf6d-46d9-4f75-99cd-cb2a65efa36a/work/wsj_vxon_01/VXONE_V01/VXONE_V01.runs/impl_1/runme.log
reset_run impl_1
reset_run synth_1
launch_runs impl_1 -to_step write_bitstream -jobs 8
[Thu Nov 23 04:50:51 2023] Launched synth_1...
Run output will be captured here: /media/jj/c7e9cf6d-46d9-4f75-99cd-cb2a65efa36a/work/wsj_vxon_01/VXONE_V01/VXONE_V01.runs/synth_1/runme.log
[Thu Nov 23 04:50:51 2023] Launched impl_1...
Run output will be captured here: /media/jj/c7e9cf6d-46d9-4f75-99cd-cb2a65efa36a/work/wsj_vxon_01/VXONE_V01/VXONE_V01.runs/impl_1/runme.log
reset_run synth_1
launch_runs impl_1 -to_step write_bitstream -jobs 8
[Thu Nov 23 05:01:33 2023] Launched synth_1...
Run output will be captured here: /media/jj/c7e9cf6d-46d9-4f75-99cd-cb2a65efa36a/work/wsj_vxon_01/VXONE_V01/VXONE_V01.runs/synth_1/runme.log
[Thu Nov 23 05:01:33 2023] Launched impl_1...
Run output will be captured here: /media/jj/c7e9cf6d-46d9-4f75-99cd-cb2a65efa36a/work/wsj_vxon_01/VXONE_V01/VXONE_V01.runs/impl_1/runme.log
reset_run synth_1
launch_runs impl_1 -to_step write_bitstream -jobs 8
[Thu Nov 23 05:07:15 2023] Launched synth_1...
Run output will be captured here: /media/jj/c7e9cf6d-46d9-4f75-99cd-cb2a65efa36a/work/wsj_vxon_01/VXONE_V01/VXONE_V01.runs/synth_1/runme.log
[Thu Nov 23 05:07:15 2023] Launched impl_1...
Run output will be captured here: /media/jj/c7e9cf6d-46d9-4f75-99cd-cb2a65efa36a/work/wsj_vxon_01/VXONE_V01/VXONE_V01.runs/impl_1/runme.log
reset_run synth_1
launch_runs impl_1 -to_step write_bitstream -jobs 8
[Thu Nov 23 05:22:23 2023] Launched synth_1...
Run output will be captured here: /media/jj/c7e9cf6d-46d9-4f75-99cd-cb2a65efa36a/work/wsj_vxon_01/VXONE_V01/VXONE_V01.runs/synth_1/runme.log
[Thu Nov 23 05:22:23 2023] Launched impl_1...
Run output will be captured here: /media/jj/c7e9cf6d-46d9-4f75-99cd-cb2a65efa36a/work/wsj_vxon_01/VXONE_V01/VXONE_V01.runs/impl_1/runme.log
reset_run synth_1
launch_runs impl_1 -to_step write_bitstream -jobs 8
[Thu Nov 23 05:40:20 2023] Launched synth_1...
Run output will be captured here: /media/jj/c7e9cf6d-46d9-4f75-99cd-cb2a65efa36a/work/wsj_vxon_01/VXONE_V01/VXONE_V01.runs/synth_1/runme.log
[Thu Nov 23 05:40:20 2023] Launched impl_1...
Run output will be captured here: /media/jj/c7e9cf6d-46d9-4f75-99cd-cb2a65efa36a/work/wsj_vxon_01/VXONE_V01/VXONE_V01.runs/impl_1/runme.log
reset_run synth_1
launch_runs impl_1 -to_step write_bitstream -jobs 8
[Thu Nov 23 05:52:29 2023] Launched synth_1...
Run output will be captured here: /media/jj/c7e9cf6d-46d9-4f75-99cd-cb2a65efa36a/work/wsj_vxon_01/VXONE_V01/VXONE_V01.runs/synth_1/runme.log
[Thu Nov 23 05:52:29 2023] Launched impl_1...
Run output will be captured here: /media/jj/c7e9cf6d-46d9-4f75-99cd-cb2a65efa36a/work/wsj_vxon_01/VXONE_V01/VXONE_V01.runs/impl_1/runme.log
reset_run synth_1
launch_runs impl_1 -to_step write_bitstream -jobs 8
[Thu Nov 23 06:00:55 2023] Launched synth_1...
Run output will be captured here: /media/jj/c7e9cf6d-46d9-4f75-99cd-cb2a65efa36a/work/wsj_vxon_01/VXONE_V01/VXONE_V01.runs/synth_1/runme.log
[Thu Nov 23 06:00:55 2023] Launched impl_1...
Run output will be captured here: /media/jj/c7e9cf6d-46d9-4f75-99cd-cb2a65efa36a/work/wsj_vxon_01/VXONE_V01/VXONE_V01.runs/impl_1/runme.log
reset_run synth_1
launch_runs impl_1 -to_step write_bitstream -jobs 8
[Thu Nov 23 06:02:09 2023] Launched synth_1...
Run output will be captured here: /media/jj/c7e9cf6d-46d9-4f75-99cd-cb2a65efa36a/work/wsj_vxon_01/VXONE_V01/VXONE_V01.runs/synth_1/runme.log
[Thu Nov 23 06:02:09 2023] Launched impl_1...
Run output will be captured here: /media/jj/c7e9cf6d-46d9-4f75-99cd-cb2a65efa36a/work/wsj_vxon_01/VXONE_V01/VXONE_V01.runs/impl_1/runme.log
reset_run synth_1
launch_runs impl_1 -to_step write_bitstream -jobs 8
[Thu Nov 23 06:39:21 2023] Launched synth_1...
Run output will be captured here: /media/jj/c7e9cf6d-46d9-4f75-99cd-cb2a65efa36a/work/wsj_vxon_01/VXONE_V01/VXONE_V01.runs/synth_1/runme.log
[Thu Nov 23 06:39:21 2023] Launched impl_1...
Run output will be captured here: /media/jj/c7e9cf6d-46d9-4f75-99cd-cb2a65efa36a/work/wsj_vxon_01/VXONE_V01/VXONE_V01.runs/impl_1/runme.log
reset_run synth_1
launch_runs impl_1 -to_step write_bitstream -jobs 8
[Thu Nov 23 06:45:42 2023] Launched synth_1...
Run output will be captured here: /media/jj/c7e9cf6d-46d9-4f75-99cd-cb2a65efa36a/work/wsj_vxon_01/VXONE_V01/VXONE_V01.runs/synth_1/runme.log
[Thu Nov 23 06:45:42 2023] Launched impl_1...
Run output will be captured here: /media/jj/c7e9cf6d-46d9-4f75-99cd-cb2a65efa36a/work/wsj_vxon_01/VXONE_V01/VXONE_V01.runs/impl_1/runme.log
reset_run impl_1
reset_run synth_1
launch_runs impl_1 -to_step write_bitstream -jobs 8
[Thu Nov 23 06:49:02 2023] Launched synth_1...
Run output will be captured here: /media/jj/c7e9cf6d-46d9-4f75-99cd-cb2a65efa36a/work/wsj_vxon_01/VXONE_V01/VXONE_V01.runs/synth_1/runme.log
[Thu Nov 23 06:49:02 2023] Launched impl_1...
Run output will be captured here: /media/jj/c7e9cf6d-46d9-4f75-99cd-cb2a65efa36a/work/wsj_vxon_01/VXONE_V01/VXONE_V01.runs/impl_1/runme.log
reset_run synth_1
launch_runs impl_1 -to_step write_bitstream -jobs 8
[Thu Nov 23 07:02:57 2023] Launched synth_1...
Run output will be captured here: /media/jj/c7e9cf6d-46d9-4f75-99cd-cb2a65efa36a/work/wsj_vxon_01/VXONE_V01/VXONE_V01.runs/synth_1/runme.log
[Thu Nov 23 07:02:57 2023] Launched impl_1...
Run output will be captured here: /media/jj/c7e9cf6d-46d9-4f75-99cd-cb2a65efa36a/work/wsj_vxon_01/VXONE_V01/VXONE_V01.runs/impl_1/runme.log
reset_run synth_1
launch_runs impl_1 -to_step write_bitstream -jobs 8
[Thu Nov 23 07:11:15 2023] Launched synth_1...
Run output will be captured here: /media/jj/c7e9cf6d-46d9-4f75-99cd-cb2a65efa36a/work/wsj_vxon_01/VXONE_V01/VXONE_V01.runs/synth_1/runme.log
[Thu Nov 23 07:11:16 2023] Launched impl_1...
Run output will be captured here: /media/jj/c7e9cf6d-46d9-4f75-99cd-cb2a65efa36a/work/wsj_vxon_01/VXONE_V01/VXONE_V01.runs/impl_1/runme.log
reset_run synth_1
launch_runs impl_1 -to_step write_bitstream -jobs 8
[Thu Nov 23 07:34:08 2023] Launched synth_1...
Run output will be captured here: /media/jj/c7e9cf6d-46d9-4f75-99cd-cb2a65efa36a/work/wsj_vxon_01/VXONE_V01/VXONE_V01.runs/synth_1/runme.log
[Thu Nov 23 07:34:08 2023] Launched impl_1...
Run output will be captured here: /media/jj/c7e9cf6d-46d9-4f75-99cd-cb2a65efa36a/work/wsj_vxon_01/VXONE_V01/VXONE_V01.runs/impl_1/runme.log
reset_run synth_1
launch_runs impl_1 -to_step write_bitstream -jobs 8
[Thu Nov 23 07:48:52 2023] Launched synth_1...
Run output will be captured here: /media/jj/c7e9cf6d-46d9-4f75-99cd-cb2a65efa36a/work/wsj_vxon_01/VXONE_V01/VXONE_V01.runs/synth_1/runme.log
[Thu Nov 23 07:48:52 2023] Launched impl_1...
Run output will be captured here: /media/jj/c7e9cf6d-46d9-4f75-99cd-cb2a65efa36a/work/wsj_vxon_01/VXONE_V01/VXONE_V01.runs/impl_1/runme.log
reset_run synth_1
launch_runs impl_1 -to_step write_bitstream -jobs 8
[Thu Nov 23 08:00:52 2023] Launched synth_1...
Run output will be captured here: /media/jj/c7e9cf6d-46d9-4f75-99cd-cb2a65efa36a/work/wsj_vxon_01/VXONE_V01/VXONE_V01.runs/synth_1/runme.log
[Thu Nov 23 08:00:52 2023] Launched impl_1...
Run output will be captured here: /media/jj/c7e9cf6d-46d9-4f75-99cd-cb2a65efa36a/work/wsj_vxon_01/VXONE_V01/VXONE_V01.runs/impl_1/runme.log
reset_run synth_1
launch_runs impl_1 -to_step write_bitstream -jobs 8
[Thu Nov 23 08:11:35 2023] Launched synth_1...
Run output will be captured here: /media/jj/c7e9cf6d-46d9-4f75-99cd-cb2a65efa36a/work/wsj_vxon_01/VXONE_V01/VXONE_V01.runs/synth_1/runme.log
[Thu Nov 23 08:11:35 2023] Launched impl_1...
Run output will be captured here: /media/jj/c7e9cf6d-46d9-4f75-99cd-cb2a65efa36a/work/wsj_vxon_01/VXONE_V01/VXONE_V01.runs/impl_1/runme.log
reset_run synth_1
launch_runs impl_1 -to_step write_bitstream -jobs 8
[Thu Nov 23 08:19:36 2023] Launched synth_1...
Run output will be captured here: /media/jj/c7e9cf6d-46d9-4f75-99cd-cb2a65efa36a/work/wsj_vxon_01/VXONE_V01/VXONE_V01.runs/synth_1/runme.log
[Thu Nov 23 08:19:36 2023] Launched impl_1...
Run output will be captured here: /media/jj/c7e9cf6d-46d9-4f75-99cd-cb2a65efa36a/work/wsj_vxon_01/VXONE_V01/VXONE_V01.runs/impl_1/runme.log
reset_run synth_1
launch_runs impl_1 -to_step write_bitstream -jobs 8
[Thu Nov 23 08:29:00 2023] Launched synth_1...
Run output will be captured here: /media/jj/c7e9cf6d-46d9-4f75-99cd-cb2a65efa36a/work/wsj_vxon_01/VXONE_V01/VXONE_V01.runs/synth_1/runme.log
[Thu Nov 23 08:29:00 2023] Launched impl_1...
Run output will be captured here: /media/jj/c7e9cf6d-46d9-4f75-99cd-cb2a65efa36a/work/wsj_vxon_01/VXONE_V01/VXONE_V01.runs/impl_1/runme.log
reset_run synth_1
launch_runs impl_1 -to_step write_bitstream -jobs 8
[Thu Nov 23 08:42:20 2023] Launched synth_1...
Run output will be captured here: /media/jj/c7e9cf6d-46d9-4f75-99cd-cb2a65efa36a/work/wsj_vxon_01/VXONE_V01/VXONE_V01.runs/synth_1/runme.log
[Thu Nov 23 08:42:20 2023] Launched impl_1...
Run output will be captured here: /media/jj/c7e9cf6d-46d9-4f75-99cd-cb2a65efa36a/work/wsj_vxon_01/VXONE_V01/VXONE_V01.runs/impl_1/runme.log
reset_run impl_1
reset_run synth_1
launch_runs impl_1 -to_step write_bitstream -jobs 8
[Thu Nov 23 08:43:53 2023] Launched synth_1...
Run output will be captured here: /media/jj/c7e9cf6d-46d9-4f75-99cd-cb2a65efa36a/work/wsj_vxon_01/VXONE_V01/VXONE_V01.runs/synth_1/runme.log
[Thu Nov 23 08:43:53 2023] Launched impl_1...
Run output will be captured here: /media/jj/c7e9cf6d-46d9-4f75-99cd-cb2a65efa36a/work/wsj_vxon_01/VXONE_V01/VXONE_V01.runs/impl_1/runme.log
reset_run synth_1
launch_runs impl_1 -to_step write_bitstream -jobs 8
[Thu Nov 23 08:55:48 2023] Launched synth_1...
Run output will be captured here: /media/jj/c7e9cf6d-46d9-4f75-99cd-cb2a65efa36a/work/wsj_vxon_01/VXONE_V01/VXONE_V01.runs/synth_1/runme.log
[Thu Nov 23 08:55:48 2023] Launched impl_1...
Run output will be captured here: /media/jj/c7e9cf6d-46d9-4f75-99cd-cb2a65efa36a/work/wsj_vxon_01/VXONE_V01/VXONE_V01.runs/impl_1/runme.log
reset_run impl_1
reset_run synth_1
launch_runs impl_1 -to_step write_bitstream -jobs 8
[Thu Nov 23 08:58:42 2023] Launched synth_1...
Run output will be captured here: /media/jj/c7e9cf6d-46d9-4f75-99cd-cb2a65efa36a/work/wsj_vxon_01/VXONE_V01/VXONE_V01.runs/synth_1/runme.log
[Thu Nov 23 08:58:42 2023] Launched impl_1...
Run output will be captured here: /media/jj/c7e9cf6d-46d9-4f75-99cd-cb2a65efa36a/work/wsj_vxon_01/VXONE_V01/VXONE_V01.runs/impl_1/runme.log
reset_run synth_1
launch_runs impl_1 -to_step write_bitstream -jobs 8
[Thu Nov 23 09:10:38 2023] Launched synth_1...
Run output will be captured here: /media/jj/c7e9cf6d-46d9-4f75-99cd-cb2a65efa36a/work/wsj_vxon_01/VXONE_V01/VXONE_V01.runs/synth_1/runme.log
[Thu Nov 23 09:10:38 2023] Launched impl_1...
Run output will be captured here: /media/jj/c7e9cf6d-46d9-4f75-99cd-cb2a65efa36a/work/wsj_vxon_01/VXONE_V01/VXONE_V01.runs/impl_1/runme.log
reset_run synth_1
launch_runs impl_1 -to_step write_bitstream -jobs 8
[Thu Nov 23 09:26:58 2023] Launched synth_1...
Run output will be captured here: /media/jj/c7e9cf6d-46d9-4f75-99cd-cb2a65efa36a/work/wsj_vxon_01/VXONE_V01/VXONE_V01.runs/synth_1/runme.log
[Thu Nov 23 09:26:58 2023] Launched impl_1...
Run output will be captured here: /media/jj/c7e9cf6d-46d9-4f75-99cd-cb2a65efa36a/work/wsj_vxon_01/VXONE_V01/VXONE_V01.runs/impl_1/runme.log
reset_run synth_1
launch_runs impl_1 -to_step write_bitstream -jobs 8
[Thu Nov 23 09:38:39 2023] Launched synth_1...
Run output will be captured here: /media/jj/c7e9cf6d-46d9-4f75-99cd-cb2a65efa36a/work/wsj_vxon_01/VXONE_V01/VXONE_V01.runs/synth_1/runme.log
[Thu Nov 23 09:38:39 2023] Launched impl_1...
Run output will be captured here: /media/jj/c7e9cf6d-46d9-4f75-99cd-cb2a65efa36a/work/wsj_vxon_01/VXONE_V01/VXONE_V01.runs/impl_1/runme.log
reset_run synth_1
launch_runs impl_1 -to_step write_bitstream -jobs 8
[Thu Nov 23 10:06:49 2023] Launched synth_1...
Run output will be captured here: /media/jj/c7e9cf6d-46d9-4f75-99cd-cb2a65efa36a/work/wsj_vxon_01/VXONE_V01/VXONE_V01.runs/synth_1/runme.log
[Thu Nov 23 10:06:49 2023] Launched impl_1...
Run output will be captured here: /media/jj/c7e9cf6d-46d9-4f75-99cd-cb2a65efa36a/work/wsj_vxon_01/VXONE_V01/VXONE_V01.runs/impl_1/runme.log
reset_run synth_1
launch_runs impl_1 -to_step write_bitstream -jobs 8
[Thu Nov 23 10:20:05 2023] Launched synth_1...
Run output will be captured here: /media/jj/c7e9cf6d-46d9-4f75-99cd-cb2a65efa36a/work/wsj_vxon_01/VXONE_V01/VXONE_V01.runs/synth_1/runme.log
[Thu Nov 23 10:20:05 2023] Launched impl_1...
Run output will be captured here: /media/jj/c7e9cf6d-46d9-4f75-99cd-cb2a65efa36a/work/wsj_vxon_01/VXONE_V01/VXONE_V01.runs/impl_1/runme.log
reset_run synth_1
launch_runs impl_1 -to_step write_bitstream -jobs 8
[Thu Nov 23 10:28:37 2023] Launched synth_1...
Run output will be captured here: /media/jj/c7e9cf6d-46d9-4f75-99cd-cb2a65efa36a/work/wsj_vxon_01/VXONE_V01/VXONE_V01.runs/synth_1/runme.log
[Thu Nov 23 10:28:37 2023] Launched impl_1...
Run output will be captured here: /media/jj/c7e9cf6d-46d9-4f75-99cd-cb2a65efa36a/work/wsj_vxon_01/VXONE_V01/VXONE_V01.runs/impl_1/runme.log
reset_run synth_1
launch_runs impl_1 -to_step write_bitstream -jobs 8
[Thu Nov 23 10:29:37 2023] Launched synth_1...
Run output will be captured here: /media/jj/c7e9cf6d-46d9-4f75-99cd-cb2a65efa36a/work/wsj_vxon_01/VXONE_V01/VXONE_V01.runs/synth_1/runme.log
[Thu Nov 23 10:29:37 2023] Launched impl_1...
Run output will be captured here: /media/jj/c7e9cf6d-46d9-4f75-99cd-cb2a65efa36a/work/wsj_vxon_01/VXONE_V01/VXONE_V01.runs/impl_1/runme.log
reset_run synth_1
launch_runs impl_1 -to_step write_bitstream -jobs 8
[Thu Nov 23 10:37:58 2023] Launched synth_1...
Run output will be captured here: /media/jj/c7e9cf6d-46d9-4f75-99cd-cb2a65efa36a/work/wsj_vxon_01/VXONE_V01/VXONE_V01.runs/synth_1/runme.log
[Thu Nov 23 10:37:58 2023] Launched impl_1...
Run output will be captured here: /media/jj/c7e9cf6d-46d9-4f75-99cd-cb2a65efa36a/work/wsj_vxon_01/VXONE_V01/VXONE_V01.runs/impl_1/runme.log
reset_target all [get_files  /media/jj/c7e9cf6d-46d9-4f75-99cd-cb2a65efa36a/work/wsj_vxon_01/VXONE_V01/VXONE_V01.srcs/sources_1/ip/rx_fifo/rx_fifo.xci]
export_ip_user_files -of_objects  [get_files  /media/jj/c7e9cf6d-46d9-4f75-99cd-cb2a65efa36a/work/wsj_vxon_01/VXONE_V01/VXONE_V01.srcs/sources_1/ip/rx_fifo/rx_fifo.xci] -sync -no_script -force -quiet
delete_ip_run [get_files -of_objects [get_fileset rx_fifo] /media/jj/c7e9cf6d-46d9-4f75-99cd-cb2a65efa36a/work/wsj_vxon_01/VXONE_V01/VXONE_V01.srcs/sources_1/ip/rx_fifo/rx_fifo.xci]
INFO: [Project 1-386] Moving file '/media/jj/c7e9cf6d-46d9-4f75-99cd-cb2a65efa36a/work/wsj_vxon_01/VXONE_V01/VXONE_V01.srcs/sources_1/ip/rx_fifo/rx_fifo.xci' from fileset 'rx_fifo' to fileset 'sources_1'.
INFO: [Project 1-386] Moving file '/media/jj/c7e9cf6d-46d9-4f75-99cd-cb2a65efa36a/work/wsj_vxon_01/VXONE_V01/VXONE_V01.srcs/sources_1/ip/rx_fifo.xcix' from fileset 'rx_fifo' to fileset 'sources_1'.
reset_target all [get_files  /media/jj/c7e9cf6d-46d9-4f75-99cd-cb2a65efa36a/work/wsj_vxon_01/VXONE_V01/VXONE_V01.srcs/sources_1/ip/vx1_phy/vx1_phy.xci]
export_ip_user_files -of_objects  [get_files  /media/jj/c7e9cf6d-46d9-4f75-99cd-cb2a65efa36a/work/wsj_vxon_01/VXONE_V01/VXONE_V01.srcs/sources_1/ip/vx1_phy/vx1_phy.xci] -sync -no_script -force -quiet
delete_ip_run [get_files -of_objects [get_fileset vx1_phy] /media/jj/c7e9cf6d-46d9-4f75-99cd-cb2a65efa36a/work/wsj_vxon_01/VXONE_V01/VXONE_V01.srcs/sources_1/ip/vx1_phy/vx1_phy.xci]
INFO: [Project 1-386] Moving file '/media/jj/c7e9cf6d-46d9-4f75-99cd-cb2a65efa36a/work/wsj_vxon_01/VXONE_V01/VXONE_V01.srcs/sources_1/ip/vx1_phy/vx1_phy.xci' from fileset 'vx1_phy' to fileset 'sources_1'.
INFO: [Project 1-386] Moving file '/media/jj/c7e9cf6d-46d9-4f75-99cd-cb2a65efa36a/work/wsj_vxon_01/VXONE_V01/VXONE_V01.srcs/sources_1/ip/vx1_phy.xcix' from fileset 'vx1_phy' to fileset 'sources_1'.
reset_target all [get_files  /media/jj/c7e9cf6d-46d9-4f75-99cd-cb2a65efa36a/work/wsj_vxon_01/VXONE_V01/VXONE_V01.srcs/sources_1/ip/vx1_vid_ila/vx1_vid_ila.xci]
export_ip_user_files -of_objects  [get_files  /media/jj/c7e9cf6d-46d9-4f75-99cd-cb2a65efa36a/work/wsj_vxon_01/VXONE_V01/VXONE_V01.srcs/sources_1/ip/vx1_vid_ila/vx1_vid_ila.xci] -sync -no_script -force -quiet
delete_ip_run [get_files -of_objects [get_fileset vx1_vid_ila] /media/jj/c7e9cf6d-46d9-4f75-99cd-cb2a65efa36a/work/wsj_vxon_01/VXONE_V01/VXONE_V01.srcs/sources_1/ip/vx1_vid_ila/vx1_vid_ila.xci]
INFO: [Project 1-386] Moving file '/media/jj/c7e9cf6d-46d9-4f75-99cd-cb2a65efa36a/work/wsj_vxon_01/VXONE_V01/VXONE_V01.srcs/sources_1/ip/vx1_vid_ila/vx1_vid_ila.xci' from fileset 'vx1_vid_ila' to fileset 'sources_1'.
INFO: [Project 1-386] Moving file '/media/jj/c7e9cf6d-46d9-4f75-99cd-cb2a65efa36a/work/wsj_vxon_01/VXONE_V01/VXONE_V01.srcs/sources_1/ip/vx1_vid_ila.xcix' from fileset 'vx1_vid_ila' to fileset 'sources_1'.
update_compile_order -fileset sources_1
reset_target all [get_files  /media/jj/c7e9cf6d-46d9-4f75-99cd-cb2a65efa36a/work/wsj_vxon_01/VXONE_V01/VXONE_V01.srcs/sources_1/ip/vx1_vio_0/vx1_vio_0.xci]
export_ip_user_files -of_objects  [get_files  /media/jj/c7e9cf6d-46d9-4f75-99cd-cb2a65efa36a/work/wsj_vxon_01/VXONE_V01/VXONE_V01.srcs/sources_1/ip/vx1_vio_0/vx1_vio_0.xci] -sync -no_script -force -quiet
delete_ip_run [get_files -of_objects [get_fileset vx1_vio_0] /media/jj/c7e9cf6d-46d9-4f75-99cd-cb2a65efa36a/work/wsj_vxon_01/VXONE_V01/VXONE_V01.srcs/sources_1/ip/vx1_vio_0/vx1_vio_0.xci]
INFO: [Project 1-386] Moving file '/media/jj/c7e9cf6d-46d9-4f75-99cd-cb2a65efa36a/work/wsj_vxon_01/VXONE_V01/VXONE_V01.srcs/sources_1/ip/vx1_vio_0/vx1_vio_0.xci' from fileset 'vx1_vio_0' to fileset 'sources_1'.
INFO: [Project 1-386] Moving file '/media/jj/c7e9cf6d-46d9-4f75-99cd-cb2a65efa36a/work/wsj_vxon_01/VXONE_V01/VXONE_V01.srcs/sources_1/ip/vx1_vio_0.xcix' from fileset 'vx1_vio_0' to fileset 'sources_1'.
reset_target all [get_files  /media/jj/c7e9cf6d-46d9-4f75-99cd-cb2a65efa36a/work/wsj_vxon_01/VXONE_V01/VXONE_V01.srcs/sources_1/bd/CPU_block/CPU_block.bd]
export_ip_user_files -of_objects  [get_files  /media/jj/c7e9cf6d-46d9-4f75-99cd-cb2a65efa36a/work/wsj_vxon_01/VXONE_V01/VXONE_V01.srcs/sources_1/bd/CPU_block/CPU_block.bd] -sync -no_script -force -quiet
delete_ip_run [get_files -of_objects [get_fileset sources_1] /media/jj/c7e9cf6d-46d9-4f75-99cd-cb2a65efa36a/work/wsj_vxon_01/VXONE_V01/VXONE_V01.srcs/sources_1/bd/CPU_block/CPU_block.bd]
delete_ip_run: Time (s): cpu = 00:00:33 ; elapsed = 00:00:13 . Memory (MB): peak = 10029.789 ; gain = 0.000 ; free physical = 44746 ; free virtual = 58374
update_compile_order -fileset sources_1
reset_run synth_1
archive_project /media/jj/c7e9cf6d-46d9-4f75-99cd-cb2a65efa36a/work/wsj_vxon_01/VXONE_V01.xpr.zip -force -exclude_run_results
INFO: [Coretcl 2-137] starting archive...
INFO: [Coretcl 2-1499] Saving project copy to temporary location './.Xil/Vivado-3443020-jj-system-product-name' for archiving project
WARNING: [filemgmt 56-3] IP Repository Path: Could not find the directory '/ip_repo'.
Scanning sources...
Finished scanning sources
INFO: [IP_Flow 19-234] Refreshing IP repositories
WARNING: [IP_Flow 19-2248] Failed to load user IP repository '/ip_repo'; Can't find the specified path.
If this directory should no longer be in your list of user repositories, go to the IP Settings dialog and remove it.
INFO: [IP_Flow 19-2313] Loaded Vivado IP repository '/tools/Xilinx/Vivado/2022.2/data/ip'.
INFO: [Coretcl 2-1211] Creating project copy for archival...
INFO: [Coretcl 2-135] resetting runs for excluding generated files from archive...
INFO: [Coretcl 2-133] re-setting run 'synth_1'...
INFO: [Coretcl 2-133] re-setting run 'impl_1'...
INFO: [Coretcl 2-1212] Importing remotely added design sources and verilog include files (if any)...
INFO: [filemgmt 20-334] All file(s) are already imported in fileset: 'constrs_1'
INFO: [filemgmt 20-348] Importing the appropriate files for fileset: 'constrs_1'
INFO: [filemgmt 20-334] All file(s) are already imported in fileset: 'sim_1'
INFO: [filemgmt 20-348] Importing the appropriate files for fileset: 'sim_1'
INFO: [filemgmt 20-348] Importing the appropriate files for fileset: 'sources_1'
